Base path: C:/Program Files/Unity/Hub/Editor/2019.1.8f1/Editor/Data
Cmd: initializeCompiler
Cmd: preprocessCompute
  insize=6077 outsize=6079 ok=1
Cmd: preprocessCompute
  insize=5991 outsize=5993 ok=1
Cmd: preprocess
  insize=10637 outsize=416 ok=1
Cmd: preprocessCompute
  insize=6077 outsize=6079 ok=1
Cmd: preprocessCompute
  insize=6279 outsize=6281 ok=1
Cmd: compileComputeKernel
  error: 1 plat 4 at Packages/com.unity.visualeffectgraph/Shaders/VFXCommon.cginc(560): pow(f, e) will not work for negative f, use abs(f) or conditionally handle negative values if you expect them
  api=4 insize=6281 outsize=9657 ok=1
Cmd: preprocess
  insize=10637 outsize=416 ok=1
Cmd: preprocessCompute
  insize=6077 outsize=6079 ok=1
Cmd: preprocessCompute
  insize=6279 outsize=6281 ok=1
Cmd: preprocess
  insize=10637 outsize=416 ok=1
Cmd: preprocessCompute
  insize=6077 outsize=6079 ok=1
Cmd: preprocessCompute
  insize=6367 outsize=6369 ok=1
Cmd: preprocess
  insize=10637 outsize=416 ok=1
Cmd: preprocessCompute
  insize=6077 outsize=6079 ok=1
Cmd: preprocessCompute
  insize=6367 outsize=6369 ok=1
Cmd: preprocess
  insize=10637 outsize=416 ok=1
Cmd: preprocessCompute
  insize=6077 outsize=6079 ok=1
Cmd: preprocessCompute
  insize=6367 outsize=6369 ok=1
Cmd: preprocess
  insize=10637 outsize=416 ok=1
Cmd: preprocessCompute
  insize=6077 outsize=6079 ok=1
Cmd: preprocessCompute
  insize=7371 outsize=7373 ok=1
Cmd: compileComputeKernel
  error: 1 plat 4 at Packages/com.unity.visualeffectgraph/Shaders/VFXCommon.cginc(560): pow(f, e) will not work for negative f, use abs(f) or conditionally handle negative values if you expect them
  api=4 insize=7373 outsize=9953 ok=1
Cmd: preprocess
  insize=10637 outsize=416 ok=1
Cmd: preprocessCompute
  insize=6006 outsize=6008 ok=1
Cmd: preprocessCompute
  insize=7340 outsize=7342 ok=1
Cmd: compileComputeKernel
  api=4 insize=7342 outsize=21213 ok=1
Cmd: preprocess
  insize=10634 outsize=416 ok=1
Cmd: preprocessCompute
  insize=6006 outsize=6008 ok=1
Cmd: preprocessCompute
  insize=7340 outsize=7342 ok=1
Cmd: preprocess
  insize=10634 outsize=416 ok=1
Cmd: preprocessCompute
  insize=6077 outsize=6079 ok=1
Cmd: preprocessCompute
  insize=7371 outsize=7373 ok=1
Cmd: preprocess
  insize=10637 outsize=416 ok=1
Cmd: preprocessCompute
  insize=6006 outsize=6008 ok=1
Cmd: preprocessCompute
  insize=7340 outsize=7342 ok=1
Cmd: preprocess
  insize=10634 outsize=416 ok=1
Cmd: preprocessCompute
  insize=6006 outsize=6008 ok=1
Cmd: preprocessCompute
  insize=7340 outsize=7342 ok=1
Cmd: preprocess
  insize=10634 outsize=416 ok=1
Cmd: preprocessCompute
  insize=6077 outsize=6079 ok=1
Cmd: preprocessCompute
  insize=7371 outsize=7373 ok=1
Cmd: preprocess
  insize=10637 outsize=416 ok=1
Cmd: preprocessCompute
  insize=6006 outsize=6008 ok=1
Cmd: preprocessCompute
  insize=7340 outsize=7342 ok=1
Cmd: preprocess
  insize=10634 outsize=416 ok=1
Cmd: preprocessCompute
  insize=6006 outsize=6008 ok=1
Cmd: preprocessCompute
  insize=7340 outsize=7342 ok=1
Cmd: preprocess
  insize=10634 outsize=416 ok=1
